<?xml version="1.0" encoding="UTF-8"?>
<!-- Generated by org.testng.reporters.JUnitReportReporter -->
<testsuite hostname="DESKTOP-5AB338K" failures="0" tests="2" name="mvn_sales.SampleTest" time="0.006" errors="0" timestamp="31 Mar 2023 11:50:55 GMT" skipped="0">
  <testcase classname="mvn_sales.SampleTest" name="create" time="0.004"/>
  <testcase classname="mvn_sales.SampleTest" name="modify" time="0.002"/>
</testsuite> <!-- mvn_sales.SampleTest -->
