<?xml version="1.0" encoding="UTF-8"?>
<!-- Generated by org.testng.reporters.JUnitReportReporter -->
<testsuite hostname="DESKTOP-5AB338K" failures="0" tests="1" name="mvn_sales.Sample" time="0.024" errors="0" timestamp="31 Mar 2023 11:50:55 GMT" skipped="0">
  <testcase classname="mvn_sales.Sample" name="delete" time="0.024"/>
</testsuite> <!-- mvn_sales.Sample -->
