<?xml version="1.0" encoding="UTF-8"?>
<!-- Generated by org.testng.reporters.JUnitReportReporter -->
<testsuite hostname="DESKTOP-5AB338K" failures="0" tests="1" name="mvn_sales.Sample" time="0.019" errors="0" timestamp="05 Apr 2023 07:26:46 GMT" skipped="0">
  <testcase classname="mvn_sales.Sample" name="delete" time="0.019"/>
</testsuite> <!-- mvn_sales.Sample -->
