<?xml version="1.0" encoding="UTF-8"?>
<!-- Generated by org.testng.reporters.JUnitReportReporter -->
<testsuite hostname="DESKTOP-5AB338K" failures="0" tests="2" name="mvn_sales.SampleTest" time="0.012" errors="0" timestamp="05 Apr 2023 07:26:46 GMT" skipped="0">
  <testcase classname="mvn_sales.SampleTest" name="create" time="0.006"/>
  <testcase classname="mvn_sales.SampleTest" name="modify" time="0.006"/>
</testsuite> <!-- mvn_sales.SampleTest -->
